<?xml version="1.0" encoding="UTF-8"?>
<!-- Generated by org.testng.reporters.JUnitXMLReporter -->
<testsuite hostname="DESKTOP-48PF7FN" ignored="0" name="Test" tests="7" failures="6" timestamp="2023-01-31T11:04:39 IST" time="12.019" errors="0">
  <testcase name="createTokenTest" time="3.59" classname="tests.CreateTokenTest">
    <failure type="java.lang.AssertionError" message="1 expectation failed.
Response body doesn&amp;apos;t match expectation.
Expected: a string containing &amp;quot;token&amp;quot;
  Actual: {&amp;quot;reason&amp;quot;:&amp;quot;Bad credentials&amp;quot;}
">
      <![CDATA[java.lang.AssertionError: 1 expectation failed.
Response body doesn't match expectation.
Expected: a string containing "token"
  Actual: {"reason":"Bad credentials"}

at listners.ExtentReporterNG.onTestFailure(ExtentReporterNG.java:33)
at java.util.ArrayList.forEach(Unknown Source)
... Removed 24 stack frames]]>
    </failure>
  </testcase> <!-- createTokenTest -->
  <testcase name="createTokenTest" time="1.253" classname="tests.CreateTokenTest">
    <failure type="java.lang.AssertionError" message="1 expectation failed.
Response body doesn&amp;apos;t match expectation.
Expected: a string containing &amp;quot;token&amp;quot;
  Actual: {&amp;quot;reason&amp;quot;:&amp;quot;Bad credentials&amp;quot;}
">
      <![CDATA[java.lang.AssertionError: 1 expectation failed.
Response body doesn't match expectation.
Expected: a string containing "token"
  Actual: {"reason":"Bad credentials"}

at listners.ExtentReporterNG.onTestFailure(ExtentReporterNG.java:33)
at java.util.ArrayList.forEach(Unknown Source)
... Removed 24 stack frames]]>
    </failure>
  </testcase> <!-- createTokenTest -->
  <testcase name="createTokenTest" time="1.252" classname="tests.CreateTokenTest">
    <failure type="java.lang.AssertionError" message="1 expectation failed.
Response body doesn&amp;apos;t match expectation.
Expected: a string containing &amp;quot;token&amp;quot;
  Actual: {&amp;quot;reason&amp;quot;:&amp;quot;Bad credentials&amp;quot;}
">
      <![CDATA[java.lang.AssertionError: 1 expectation failed.
Response body doesn't match expectation.
Expected: a string containing "token"
  Actual: {"reason":"Bad credentials"}

at listners.ExtentReporterNG.onTestFailure(ExtentReporterNG.java:33)
at java.util.ArrayList.forEach(Unknown Source)
... Removed 24 stack frames]]>
    </failure>
  </testcase> <!-- createTokenTest -->
  <testcase name="createTokenTest" time="1.249" classname="tests.CreateTokenTest">
    <failure type="java.lang.AssertionError" message="1 expectation failed.
Response body doesn&amp;apos;t match expectation.
Expected: a string containing &amp;quot;token&amp;quot;
  Actual: {&amp;quot;reason&amp;quot;:&amp;quot;Bad credentials&amp;quot;}
">
      <![CDATA[java.lang.AssertionError: 1 expectation failed.
Response body doesn't match expectation.
Expected: a string containing "token"
  Actual: {"reason":"Bad credentials"}

at listners.ExtentReporterNG.onTestFailure(ExtentReporterNG.java:33)
at java.util.ArrayList.forEach(Unknown Source)
... Removed 24 stack frames]]>
    </failure>
  </testcase> <!-- createTokenTest -->
  <testcase name="createTokenTest" time="1.293" classname="tests.CreateTokenTest"/>
  <testcase name="createTokenTest" time="1.233" classname="tests.CreateTokenTest">
    <failure type="java.lang.AssertionError" message="1 expectation failed.
Response body doesn&amp;apos;t match expectation.
Expected: a string containing &amp;quot;token&amp;quot;
  Actual: {&amp;quot;reason&amp;quot;:&amp;quot;Bad credentials&amp;quot;}
">
      <![CDATA[java.lang.AssertionError: 1 expectation failed.
Response body doesn't match expectation.
Expected: a string containing "token"
  Actual: {"reason":"Bad credentials"}

at listners.ExtentReporterNG.onTestFailure(ExtentReporterNG.java:33)
at java.util.ArrayList.forEach(Unknown Source)
... Removed 24 stack frames]]>
    </failure>
  </testcase> <!-- createTokenTest -->
  <testcase name="createTokenTest" time="1.218" classname="tests.CreateTokenTest">
    <failure type="java.lang.AssertionError" message="1 expectation failed.
Response body doesn&amp;apos;t match expectation.
Expected: a string containing &amp;quot;token&amp;quot;
  Actual: {&amp;quot;reason&amp;quot;:&amp;quot;Bad credentials&amp;quot;}
">
      <![CDATA[java.lang.AssertionError: 1 expectation failed.
Response body doesn't match expectation.
Expected: a string containing "token"
  Actual: {"reason":"Bad credentials"}

at listners.ExtentReporterNG.onTestFailure(ExtentReporterNG.java:33)
at java.util.ArrayList.forEach(Unknown Source)
... Removed 24 stack frames]]>
    </failure>
  </testcase> <!-- createTokenTest -->
</testsuite> <!-- Test -->
